BusinesMove/businessDrinkApp/build/outputs/logs/manifest-merger-debug-report.txt
-- Merging decision tree log ---
manifest
ADDED from src\main\AndroidManifest.xml:2:1-837:12
	package
		ADDED from src\main\AndroidManifest.xml:4:5-28
		INJECTED from src\main\AndroidManifest.xml
		INJECTED from src\main\AndroidManifest.xml
	android:versionName
		ADDED from src\main\AndroidManifest.xml:6:5-32
		INJECTED from src\main\AndroidManifest.xml
		INJECTED from src\main\AndroidManifest.xml
	xmlns:tools
		ADDED from src\main\AndroidManifest.xml:3:5-51
	android:versionCode
		ADDED from src\main\AndroidManifest.xml:5:5-29
		INJECTED from src\main\AndroidManifest.xml
		INJECTED from src\main\AndroidManifest.xml
	xmlns:android
		ADDED from src\main\AndroidManifest.xml:2:11-69
uses-sdk
ADDED from src\main\AndroidManifest.xml:8:5-10:41
MERGED from [com.android.support:multidex:1.0.1] AndroidManifest.xml:18:5-42
MERGED from [BusinesMove:businessDrinkAppLib:unspecified] AndroidManifest.xml:7:5-9:41
MERGED from [com.google.android.gms:play-services-appindexing:9.8.0] AndroidManifest.xml:17:5-42
MERGED from [com.google.android.gms:play-services-base:9.8.0] AndroidManifest.xml:17:5-42
MERGED from [com.google.firebase:firebase-common:9.8.0] AndroidManifest.xml:3:5-42
MERGED from [com.google.android.gms:play-services-tasks:9.8.0] AndroidManifest.xml:3:5-42
MERGED from [com.google.android.gms:play-services-basement:9.8.0] AndroidManifest.xml:17:5-42
MERGED from [com.android.support:support-v4:24.2.1] AndroidManifest.xml:21:5-23:54
MERGED from [com.android.support:support-fragment:24.2.1] AndroidManifest.xml:21:5-23:60
MERGED from [com.android.support:support-media-compat:24.2.1] AndroidManifest.xml:21:5-23:63
MERGED from [com.android.support:support-core-ui:24.2.1] AndroidManifest.xml:21:5-23:58
MERGED from [com.android.support:support-core-utils:24.2.1] AndroidManifest.xml:21:5-23:61
MERGED from [com.android.support:support-compat:24.2.1] AndroidManifest.xml:21:5-23:58
	tools:overrideLibrary
		ADDED from [com.android.support:support-v4:24.2.1] AndroidManifest.xml:23:9-51
	android:targetSdkVersion
		ADDED from src\main\AndroidManifest.xml:10:9-38
		INJECTED from src\main\AndroidManifest.xml
		INJECTED from src\main\AndroidManifest.xml
	android:minSdkVersion
		ADDED from src\main\AndroidManifest.xml:9:9-35
		INJECTED from src\main\AndroidManifest.xml
		INJECTED from src\main\AndroidManifest.xml
supports-screens
ADDED from src\main\AndroidManifest.xml:12:5-18:24
	android:largeScreens
		ADDED from src\main\AndroidManifest.xml:14:9-36
	android:normalScreens
		ADDED from src\main\AndroidManifest.xml:15:9-37
	android:xlargeScreens
		ADDED from src\main\AndroidManifest.xml:17:9-37
	android:resizeable
		ADDED from src\main\AndroidManifest.xml:16:9-34
	android:anyDensity
		ADDED from src\main\AndroidManifest.xml:13:9-34
uses-permission#android.permission.KILL_BACKGROUND_PROCESSES
ADDED from src\main\AndroidManifest.xml:20:5-84
	android:name
		ADDED from src\main\AndroidManifest.xml:20:22-81
uses-permission#android.permission.INTERACT_ACROSS_USERS_FULL
ADDED from src\main\AndroidManifest.xml:21:5-85
	android:name
		ADDED from src\main\AndroidManifest.xml:21:22-82
uses-permission#android.permission.TYPE_SYSTEM_ALERT
ADDED from src\main\AndroidManifest.xml:23:5-76
	android:name
		ADDED from src\main\AndroidManifest.xml:23:22-73
uses-permission#android.permission.READ_LOGS
ADDED from src\main\AndroidManifest.xml:24:5-68
	android:name
		ADDED from src\main\AndroidManifest.xml:24:22-65
uses-permission#android.permission.CAMERA
ADDED from src\main\AndroidManifest.xml:29:5-81
	android:name
		ADDED from src\main\AndroidManifest.xml:29:22-62
uses-permission#android.permission.WRITE_EXTERNAL_STORAGE
ADDED from src\main\AndroidManifest.xml:30:5-97
	android:name
		ADDED from src\main\AndroidManifest.xml:30:22-78
uses-feature#android.hardware.camera
ADDED from src\main\AndroidManifest.xml:31:5-60
	android:name
		ADDED from src\main\AndroidManifest.xml:31:19-57
uses-feature#android.hardware.camera.autofocus
ADDED from src\main\AndroidManifest.xml:32:5-70
	android:name
		ADDED from src\main\AndroidManifest.xml:32:19-67
uses-permission#android.permission.VIBRATE
ADDED from src\main\AndroidManifest.xml:33:5-65
	android:name
		ADDED from src\main\AndroidManifest.xml:33:22-63
uses-permission#android.permission.FLASHLIGHT
ADDED from src\main\AndroidManifest.xml:34:5-68
	android:name
		ADDED from src\main\AndroidManifest.xml:34:22-66
uses-permission#android.permission.MOUNT_UNMOUNT_FILESYSTEMS
ADDED from src\main\AndroidManifest.xml:40:5-84
	android:name
		ADDED from src\main\AndroidManifest.xml:40:22-81
uses-permission#android.permission.ACCESS_NETWORK_STATE
ADDED from src\main\AndroidManifest.xml:41:5-79
	android:name
		ADDED from src\main\AndroidManifest.xml:41:22-76
uses-permission#android.permission.ACCESS_COARSE_LOCATION
ADDED from src\main\AndroidManifest.xml:42:5-81
	android:name
		ADDED from src\main\AndroidManifest.xml:42:22-78
uses-permission#android.permission.INTERNET
ADDED from src\main\AndroidManifest.xml:43:5-67
	android:name
		ADDED from src\main\AndroidManifest.xml:43:22-64
uses-permission#android.permission.ACCES_MOCK_LOCATION
ADDED from src\main\AndroidManifest.xml:44:5-78
	android:name
		ADDED from src\main\AndroidManifest.xml:44:22-75
uses-permission#android.permission.ACCESS_FINE_LOCATION
ADDED from src\main\AndroidManifest.xml:45:5-79
	android:name
		ADDED from src\main\AndroidManifest.xml:45:22-76
uses-permission#com.android.launcher.permission.READ_SETTINGS
ADDED from src\main\AndroidManifest.xml:46:5-85
	android:name
		ADDED from src\main\AndroidManifest.xml:46:22-82
uses-permission#android.permission.WAKE_LOCK
ADDED from src\main\AndroidManifest.xml:47:5-68
	android:name
		ADDED from src\main\AndroidManifest.xml:47:22-65
uses-permission#android.permission.CHANGE_WIFI_STATE
ADDED from src\main\AndroidManifest.xml:48:5-76
	android:name
		ADDED from src\main\AndroidManifest.xml:48:22-73
uses-permission#android.permission.ACCESS_WIFI_STATE
ADDED from src\main\AndroidManifest.xml:49:5-76
	android:name
		ADDED from src\main\AndroidManifest.xml:49:22-73
uses-permission#android.permission.ACCESS_GPS
ADDED from src\main\AndroidManifest.xml:50:5-69
	android:name
		ADDED from src\main\AndroidManifest.xml:50:22-66
uses-permission#android.permission.GET_TASKS
ADDED from src\main\AndroidManifest.xml:60:5-68
	android:name
		ADDED from src\main\AndroidManifest.xml:60:22-65
uses-permission#android.permission.BROADCAST_STICKY
ADDED from src\main\AndroidManifest.xml:62:5-75
	android:name
		ADDED from src\main\AndroidManifest.xml:62:22-72
uses-permission#android.permission.WRITE_SETTINGS
ADDED from src\main\AndroidManifest.xml:63:5-73
	android:name
		ADDED from src\main\AndroidManifest.xml:63:22-70
uses-permission#android.permission.PROCESS_OUTGOING_CALLS
ADDED from src\main\AndroidManifest.xml:65:5-81
	android:name
		ADDED from src\main\AndroidManifest.xml:65:22-78
uses-permission#android.permission.READ_PHONE_STATE
ADDED from src\main\AndroidManifest.xml:66:5-75
	android:name
		ADDED from src\main\AndroidManifest.xml:66:22-72
uses-permission#android.permission.MODIFY_AUDIO_SETTINGS
ADDED from src\main\AndroidManifest.xml:67:5-80
	android:name
		ADDED from src\main\AndroidManifest.xml:67:22-77
uses-permission#android.permission.RECORD_AUDIO
ADDED from src\main\AndroidManifest.xml:68:5-71
	android:name
		ADDED from src\main\AndroidManifest.xml:68:22-68
uses-permission#android.permission.RECEIVE_BOOT_COMPLETED
ADDED from src\main\AndroidManifest.xml:81:5-81
	android:name
		ADDED from src\main\AndroidManifest.xml:81:22-78
uses-permission#android.permission.BLUETOOTH
ADDED from src\main\AndroidManifest.xml:85:5-68
	android:name
		ADDED from src\main\AndroidManifest.xml:85:22-65
uses-permission#android.permission.BLUETOOTH_ADMIN
ADDED from src\main\AndroidManifest.xml:86:5-74
	android:name
		ADDED from src\main\AndroidManifest.xml:86:22-71
uses-permission#android.permission.SYSTEM_ALERT_WINDOW
ADDED from src\main\AndroidManifest.xml:89:5-78
	android:name
		ADDED from src\main\AndroidManifest.xml:89:22-75
uses-permission#android.permission.SYSTEM_OVERLAY_WINDOW
ADDED from src\main\AndroidManifest.xml:90:5-80
	android:name
		ADDED from src\main\AndroidManifest.xml:90:22-77
uses-permission#getui.permission.GetuiService.com.heheys.ec
ADDED from src\main\AndroidManifest.xml:92:5-83
	android:name
		ADDED from src\main\AndroidManifest.xml:92:22-80
permission#getui.permission.GetuiService.com.heheys.ec
ADDED from src\main\AndroidManifest.xml:94:5-97:18
	android:protectionLevel
		ADDED from src\main\AndroidManifest.xml:96:9-41
	android:name
		ADDED from src\main\AndroidManifest.xml:95:9-67
application
ADDED from src\main\AndroidManifest.xml:126:5-833:19
MERGED from [BusinesMove:businessDrinkAppLib:unspecified] AndroidManifest.xml:11:5-16:19
MERGED from [com.google.android.gms:play-services-appindexing:9.8.0] AndroidManifest.xml:18:5-19
MERGED from [com.google.android.gms:play-services-base:9.8.0] AndroidManifest.xml:18:5-20:19
MERGED from [com.google.firebase:firebase-common:9.8.0] AndroidManifest.xml:4:5-7:19
MERGED from [com.google.android.gms:play-services-tasks:9.8.0] AndroidManifest.xml:4:5-19
MERGED from [com.google.android.gms:play-services-basement:9.8.0] AndroidManifest.xml:19:5-21:19
MERGED from [com.android.support:support-v4:24.2.1] AndroidManifest.xml:25:5-20
MERGED from [com.android.support:support-fragment:24.2.1] AndroidManifest.xml:25:5-20
MERGED from [com.android.support:support-media-compat:24.2.1] AndroidManifest.xml:25:5-20
MERGED from [com.android.support:support-core-ui:24.2.1] AndroidManifest.xml:25:5-20
MERGED from [com.android.support:support-core-utils:24.2.1] AndroidManifest.xml:25:5-20
MERGED from [com.android.support:support-compat:24.2.1] AndroidManifest.xml:25:5-20
	android:label
		ADDED from src\main\AndroidManifest.xml:130:9-41
		REJECTED from [BusinesMove:businessDrinkAppLib:unspecified] AndroidManifest.xml:14:9-41
	android:debuggable
		ADDED from src\main\AndroidManifest.xml:128:9-34
	tools:ignore
		ADDED from src\main\AndroidManifest.xml:132:9-42
	android:icon
		ADDED from src\main\AndroidManifest.xml:129:9-42
		REJECTED from [BusinesMove:businessDrinkAppLib:unspecified] AndroidManifest.xml:13:9-45
	android:allowBackup
		ADDED from [BusinesMove:businessDrinkAppLib:unspecified] AndroidManifest.xml:12:9-35
	android:theme
		ADDED from src\main\AndroidManifest.xml:131:9-62
		REJECTED from [BusinesMove:businessDrinkAppLib:unspecified] AndroidManifest.xml:15:9-40
	tools:replace
		ADDED from src\main\AndroidManifest.xml:133:9-81
	android:name
		ADDED from src\main\AndroidManifest.xml:127:9-50
meta-data#UMENG_APPKEY
ADDED from src\main\AndroidManifest.xml:136:9-139:21
	android:value
		ADDED from src\main\AndroidManifest.xml:138:13-53
	android:name
		ADDED from src\main\AndroidManifest.xml:137:13-40
service#com.baidu.location.f
ADDED from src\main\AndroidManifest.xml:153:9-161:19
	android:enabled
		ADDED from src\main\AndroidManifest.xml:155:13-35
	android:process
		ADDED from src\main\AndroidManifest.xml:156:13-38
	android:name
		ADDED from src\main\AndroidManifest.xml:154:13-48
intent-filter#com.baidu.location.service_v2.2
ADDED from src\main\AndroidManifest.xml:157:13-160:29
action#com.baidu.location.service_v2.2
ADDED from src\main\AndroidManifest.xml:158:17-159:26
	android:name
		ADDED from src\main\AndroidManifest.xml:158:25-71
meta-data#com.baidu.lbsapi.API_KEY
ADDED from src\main\AndroidManifest.xml:163:9-165:61
	android:value
		ADDED from src\main\AndroidManifest.xml:165:10-58
	android:name
		ADDED from src\main\AndroidManifest.xml:164:13-52
activity#com.heheys.ec.controller.activity.GuideActivity
ADDED from src\main\AndroidManifest.xml:168:9-195:20
	android:screenOrientation
		ADDED from src\main\AndroidManifest.xml:171:13-49
	android:label
		ADDED from src\main\AndroidManifest.xml:170:13-45
	android:name
		ADDED from src\main\AndroidManifest.xml:169:13-62
intent-filter#android.intent.action.MAIN+android.intent.category.LAUNCHER
ADDED from src\main\AndroidManifest.xml:172:13-176:29
action#android.intent.action.MAIN
ADDED from src\main\AndroidManifest.xml:173:17-69
	android:name
		ADDED from src\main\AndroidManifest.xml:173:25-66
category#android.intent.category.LAUNCHER
ADDED from src\main\AndroidManifest.xml:175:17-77
	android:name
		ADDED from src\main\AndroidManifest.xml:175:27-74
intent-filter#android.intent.action.VIEW+android.intent.category.BROWSABLE+android.intent.category.DEFAULT
ADDED from src\main\AndroidManifest.xml:177:13-186:29
action#android.intent.action.VIEW
ADDED from src\main\AndroidManifest.xml:178:17-69
	android:name
		ADDED from src\main\AndroidManifest.xml:178:25-66
category#android.intent.category.DEFAULT
ADDED from src\main\AndroidManifest.xml:179:17-76
	android:name
		ADDED from src\main\AndroidManifest.xml:179:27-73
category#android.intent.category.BROWSABLE
ADDED from src\main\AndroidManifest.xml:180:17-78
	android:name
		ADDED from src\main\AndroidManifest.xml:180:27-75
data
ADDED from src\main\AndroidManifest.xml:181:17-184:48
	android:host
		ADDED from src\main\AndroidManifest.xml:183:21-42
	android:scheme
		ADDED from src\main\AndroidManifest.xml:184:21-45
	android:pathPrefix
		ADDED from src\main\AndroidManifest.xml:182:21-51
activity#com.heheys.ec.wxapi.WXEntryActivity
ADDED from src\main\AndroidManifest.xml:196:9-201:20
	android:screenOrientation
		ADDED from src\main\AndroidManifest.xml:200:13-49
	android:label
		ADDED from src\main\AndroidManifest.xml:199:13-45
	android:name
		ADDED from src\main\AndroidManifest.xml:198:13-50
activity#com.heheys.ec.wxapi.WXPayEntryActivity
ADDED from src\main\AndroidManifest.xml:203:9-206:46
	android:launchMode
		ADDED from src\main\AndroidManifest.xml:206:13-43
	android:exported
		ADDED from src\main\AndroidManifest.xml:205:13-36
	android:name
		ADDED from src\main\AndroidManifest.xml:204:13-66
activity#com.heheys.ec.controller.activity.MainActivity
ADDED from src\main\AndroidManifest.xml:215:9-230:20
	android:screenOrientation
		ADDED from src\main\AndroidManifest.xml:218:13-49
	android:windowSoftInputMode
		ADDED from src\main\AndroidManifest.xml:219:13-52
	android:configChanges
		ADDED from src\main\AndroidManifest.xml:217:13-63
	android:name
		ADDED from src\main\AndroidManifest.xml:216:13-61
activity#com.heheys.ec.controller.activity.NewProductDetailActivity
ADDED from src\main\AndroidManifest.xml:260:9-265:20
	android:screenOrientation
		ADDED from src\main\AndroidManifest.xml:263:13-49
	android:windowSoftInputMode
		ADDED from src\main\AndroidManifest.xml:264:13-54
	android:configChanges
		ADDED from src\main\AndroidManifest.xml:262:13-63
	android:name
		ADDED from src\main\AndroidManifest.xml:261:13-73
activity#com.heheys.ec.controller.activity.LoginActivity
ADDED from src\main\AndroidManifest.xml:267:9-272:20
	android:screenOrientation
		ADDED from src\main\AndroidManifest.xml:271:13-49
	android:label
		ADDED from src\main\AndroidManifest.xml:269:13-57
	android:launchMode
		ADDED from src\main\AndroidManifest.xml:270:13-44
	android:name
		ADDED from src\main\AndroidManifest.xml:268:13-62
activity#com.heheys.ec.controller.activity.ShoppingCartActivity
ADDED from src\main\AndroidManifest.xml:274:9-278:20
	android:screenOrientation
		ADDED from src\main\AndroidManifest.xml:277:13-49
	android:label
		ADDED from src\main\AndroidManifest.xml:276:13-45
	android:name
		ADDED from src\main\AndroidManifest.xml:275:13-69
activity#com.heheys.ec.controller.activity.UsercenterActivity
ADDED from src\main\AndroidManifest.xml:280:9-285:20
	android:screenOrientation
		ADDED from src\main\AndroidManifest.xml:284:13-49
	android:label
		ADDED from src\main\AndroidManifest.xml:282:13-45
	android:launchMode
		ADDED from src\main\AndroidManifest.xml:283:13-44
	android:name
		ADDED from src\main\AndroidManifest.xml:281:13-67
activity#com.heheys.ec.controller.activity.NewOrderDetailActivity
ADDED from src\main\AndroidManifest.xml:287:9-291:20
	android:screenOrientation
		ADDED from src\main\AndroidManifest.xml:290:13-49
	android:label
		ADDED from src\main\AndroidManifest.xml:289:13-57
	android:name
		ADDED from src\main\AndroidManifest.xml:288:13-71
activity#com.heheys.ec.controller.activity.MyClientListActivity
ADDED from src\main\AndroidManifest.xml:293:9-297:20
	android:screenOrientation
		ADDED from src\main\AndroidManifest.xml:296:13-49
	android:label
		ADDED from src\main\AndroidManifest.xml:295:13-57
	android:name
		ADDED from src\main\AndroidManifest.xml:294:13-69
activity#com.heheys.ec.controller.activity.PayTypeActivity
ADDED from src\main\AndroidManifest.xml:300:9-304:61
	android:screenOrientation
		ADDED from src\main\AndroidManifest.xml:303:13-49
	android:label
		ADDED from src\main\AndroidManifest.xml:302:13-57
	android:theme
		ADDED from src\main\AndroidManifest.xml:304:13-58
	android:name
		ADDED from src\main\AndroidManifest.xml:301:13-64
activity#com.heheys.ec.controller.activity.AuthActivity
ADDED from src\main\AndroidManifest.xml:306:9-309:57
	android:screenOrientation
		ADDED from src\main\AndroidManifest.xml:308:13-49
	android:windowSoftInputMode
		ADDED from src\main\AndroidManifest.xml:309:13-54
	android:name
		ADDED from src\main\AndroidManifest.xml:307:13-61
activity#com.heheys.ec.controller.activity.SettingBaseActivity
ADDED from src\main\AndroidManifest.xml:311:9-314:52
	android:screenOrientation
		ADDED from src\main\AndroidManifest.xml:314:13-49
	android:label
		ADDED from src\main\AndroidManifest.xml:313:13-57
	android:name
		ADDED from src\main\AndroidManifest.xml:312:13-68
activity#com.heheys.ec.controller.activity.EditAddressActivity
ADDED from src\main\AndroidManifest.xml:316:9-319:52
	android:screenOrientation
		ADDED from src\main\AndroidManifest.xml:319:13-49
	android:label
		ADDED from src\main\AndroidManifest.xml:318:13-57
	android:name
		ADDED from src\main\AndroidManifest.xml:317:13-68
activity#com.heheys.ec.controller.activity.FrogetPwdActivity
ADDED from src\main\AndroidManifest.xml:321:9-324:52
	android:screenOrientation
		ADDED from src\main\AndroidManifest.xml:324:13-49
	android:label
		ADDED from src\main\AndroidManifest.xml:323:13-57
	android:name
		ADDED from src\main\AndroidManifest.xml:322:13-66
activity#com.heheys.ec.controller.activity.RegisterActivity
ADDED from src\main\AndroidManifest.xml:326:9-329:52
	android:screenOrientation
		ADDED from src\main\AndroidManifest.xml:329:13-49
	android:label
		ADDED from src\main\AndroidManifest.xml:328:13-57
	android:name
		ADDED from src\main\AndroidManifest.xml:327:13-65
activity#com.heheys.ec.controller.activity.RegisterTowActivity
ADDED from src\main\AndroidManifest.xml:331:9-334:52
	android:screenOrientation
		ADDED from src\main\AndroidManifest.xml:334:13-49
	android:label
		ADDED from src\main\AndroidManifest.xml:333:13-57
	android:name
		ADDED from src\main\AndroidManifest.xml:332:13-68
activity#com.heheys.ec.controller.activity.SalonListActivity
ADDED from src\main\AndroidManifest.xml:336:9-339:20
	android:screenOrientation
		ADDED from src\main\AndroidManifest.xml:338:13-49
	android:name
		ADDED from src\main\AndroidManifest.xml:337:13-66
activity#com.heheys.ec.controller.activity.SalonJoinActivity
ADDED from src\main\AndroidManifest.xml:341:9-344:20
	android:screenOrientation
		ADDED from src\main\AndroidManifest.xml:343:13-49
	android:name
		ADDED from src\main\AndroidManifest.xml:342:13-66
activity#com.heheys.ec.controller.activity.GroupWholeSaleActivity
ADDED from src\main\AndroidManifest.xml:351:9-355:20
	android:screenOrientation
		ADDED from src\main\AndroidManifest.xml:353:13-49
	android:windowSoftInputMode
		ADDED from src\main\AndroidManifest.xml:354:13-52
	android:name
		ADDED from src\main\AndroidManifest.xml:352:13-71
activity#com.heheys.ec.controller.activity.MyCustomerActivity
ADDED from src\main\AndroidManifest.xml:357:9-360:20
	android:screenOrientation
		ADDED from src\main\AndroidManifest.xml:359:13-49
	android:name
		ADDED from src\main\AndroidManifest.xml:358:13-67
activity#com.heheys.ec.controller.activity.AddMyCustomerActivity
ADDED from src\main\AndroidManifest.xml:362:9-365:20
	android:screenOrientation
		ADDED from src\main\AndroidManifest.xml:364:13-49
	android:name
		ADDED from src\main\AndroidManifest.xml:363:13-70
activity#com.heheys.ec.thirdPartyModule.payModule.JDPayActivity
ADDED from src\main\AndroidManifest.xml:367:9-371:20
	android:screenOrientation
		ADDED from src\main\AndroidManifest.xml:370:13-49
	android:hardwareAccelerated
		ADDED from src\main\AndroidManifest.xml:369:13-47
	android:name
		ADDED from src\main\AndroidManifest.xml:368:13-82
activity#com.heheys.ec.controller.activity.H5Activity
ADDED from src\main\AndroidManifest.xml:372:9-376:20
	android:screenOrientation
		ADDED from src\main\AndroidManifest.xml:375:13-49
	android:hardwareAccelerated
		ADDED from src\main\AndroidManifest.xml:374:13-47
	android:name
		ADDED from src\main\AndroidManifest.xml:373:13-59
activity#com.heheys.ec.controller.activity.OrderInfoActivity
ADDED from src\main\AndroidManifest.xml:378:9-381:20
	android:screenOrientation
		ADDED from src\main\AndroidManifest.xml:380:13-49
	android:name
		ADDED from src\main\AndroidManifest.xml:379:13-66
activity#com.heheys.ec.controller.activity.SalonDetailActivity
ADDED from src\main\AndroidManifest.xml:383:9-386:20
	android:screenOrientation
		ADDED from src\main\AndroidManifest.xml:385:13-49
	android:name
		ADDED from src\main\AndroidManifest.xml:384:13-68
activity#com.heheys.ec.controller.activity.DestanceChioceActivity
ADDED from src\main\AndroidManifest.xml:388:9-391:20
	android:screenOrientation
		ADDED from src\main\AndroidManifest.xml:390:13-49
	android:name
		ADDED from src\main\AndroidManifest.xml:389:13-71
activity#com.heheys.ec.controller.activity.SalonCustomerDetail
ADDED from src\main\AndroidManifest.xml:393:9-396:20
	android:screenOrientation
		ADDED from src\main\AndroidManifest.xml:395:13-49
	android:name
		ADDED from src\main\AndroidManifest.xml:394:13-68
activity#com.heheys.ec.controller.activity.UpdateActivity
ADDED from src\main\AndroidManifest.xml:398:9-402:20
	android:screenOrientation
		ADDED from src\main\AndroidManifest.xml:400:13-49
	android:theme
		ADDED from src\main\AndroidManifest.xml:401:13-47
	android:name
		ADDED from src\main\AndroidManifest.xml:399:13-76
activity#com.heheys.ec.controller.activity.MessageActivity
ADDED from src\main\AndroidManifest.xml:404:9-407:20
	android:screenOrientation
		ADDED from src\main\AndroidManifest.xml:406:13-49
	android:name
		ADDED from src\main\AndroidManifest.xml:405:13-77
activity#com.heheys.ec.controller.activity.MessageDetailActivity
ADDED from src\main\AndroidManifest.xml:409:9-412:20
	android:screenOrientation
		ADDED from src\main\AndroidManifest.xml:411:13-49
	android:name
		ADDED from src\main\AndroidManifest.xml:410:13-83
activity#com.heheys.ec.controller.activity.ActivityPage
ADDED from src\main\AndroidManifest.xml:414:9-417:20
	android:screenOrientation
		ADDED from src\main\AndroidManifest.xml:416:13-49
	android:name
		ADDED from src\main\AndroidManifest.xml:415:13-74
activity#com.heheys.ec.controller.activity.DrinksDemandActivity
ADDED from src\main\AndroidManifest.xml:419:9-422:20
	android:screenOrientation
		ADDED from src\main\AndroidManifest.xml:421:13-49
	android:name
		ADDED from src\main\AndroidManifest.xml:420:13-69
activity#com.heheys.ec.controller.activity.IdCardManagerActivity
ADDED from src\main\AndroidManifest.xml:424:9-428:20
	android:screenOrientation
		ADDED from src\main\AndroidManifest.xml:426:13-49
	android:windowSoftInputMode
		ADDED from src\main\AndroidManifest.xml:427:13-54
	android:name
		ADDED from src\main\AndroidManifest.xml:425:13-70
activity#com.heheys.ec.controller.activity.AddBusinessCardActivity
ADDED from src\main\AndroidManifest.xml:430:9-434:20
	android:screenOrientation
		ADDED from src\main\AndroidManifest.xml:432:13-49
	android:windowSoftInputMode
		ADDED from src\main\AndroidManifest.xml:433:13-54
	android:name
		ADDED from src\main\AndroidManifest.xml:431:13-72
activity#com.heheys.ec.controller.activity.MyBusCardActivity
ADDED from src\main\AndroidManifest.xml:436:9-439:20
	android:screenOrientation
		ADDED from src\main\AndroidManifest.xml:438:13-49
	android:name
		ADDED from src\main\AndroidManifest.xml:437:13-66
activity#com.heheys.ec.controller.activity.DrinksDemandBuyActivity
ADDED from src\main\AndroidManifest.xml:441:9-445:20
	android:screenOrientation
		ADDED from src\main\AndroidManifest.xml:443:13-49
	android:windowSoftInputMode
		ADDED from src\main\AndroidManifest.xml:444:13-54
	android:name
		ADDED from src\main\AndroidManifest.xml:442:13-72
activity#com.heheys.ec.controller.activity.DrinksDemandUnitCheckActivity
ADDED from src\main\AndroidManifest.xml:447:9-451:20
	android:screenOrientation
		ADDED from src\main\AndroidManifest.xml:449:13-49
	android:windowSoftInputMode
		ADDED from src\main\AndroidManifest.xml:450:13-54
	android:name
		ADDED from src\main\AndroidManifest.xml:448:13-78
activity#com.heheys.ec.controller.activity.BrandWineActivity
ADDED from src\main\AndroidManifest.xml:453:9-457:20
	android:screenOrientation
		ADDED from src\main\AndroidManifest.xml:455:13-49
	android:windowSoftInputMode
		ADDED from src\main\AndroidManifest.xml:456:13-54
	android:name
		ADDED from src\main\AndroidManifest.xml:454:13-66
activity#com.heheys.ec.controller.activity.SaleDistanceActivity
ADDED from src\main\AndroidManifest.xml:459:9-463:20
	android:screenOrientation
		ADDED from src\main\AndroidManifest.xml:461:13-49
	android:windowSoftInputMode
		ADDED from src\main\AndroidManifest.xml:462:13-54
	android:name
		ADDED from src\main\AndroidManifest.xml:460:13-69
activity#com.heheys.ec.controller.activity.DrinkInfoActivity
ADDED from src\main\AndroidManifest.xml:465:9-469:20
	android:screenOrientation
		ADDED from src\main\AndroidManifest.xml:467:13-49
	android:windowSoftInputMode
		ADDED from src\main\AndroidManifest.xml:468:13-54
	android:name
		ADDED from src\main\AndroidManifest.xml:466:13-66
activity#com.heheys.ec.controller.activity.SelectPicPopupWindow
ADDED from src\main\AndroidManifest.xml:479:9-484:20
	android:screenOrientation
		ADDED from src\main\AndroidManifest.xml:481:13-49
	android:windowSoftInputMode
		ADDED from src\main\AndroidManifest.xml:483:13-54
	android:theme
		ADDED from src\main\AndroidManifest.xml:482:13-48
	android:name
		ADDED from src\main\AndroidManifest.xml:480:13-69
activity#com.heheys.ec.controller.activity.MyBalanceActivity
ADDED from src\main\AndroidManifest.xml:486:9-490:20
	android:screenOrientation
		ADDED from src\main\AndroidManifest.xml:488:13-49
	android:windowSoftInputMode
		ADDED from src\main\AndroidManifest.xml:489:13-54
	android:name
		ADDED from src\main\AndroidManifest.xml:487:13-66
activity#com.heheys.ec.controller.activity.WithDrawActivity
ADDED from src\main\AndroidManifest.xml:492:9-496:20
	android:screenOrientation
		ADDED from src\main\AndroidManifest.xml:494:13-49
	android:windowSoftInputMode
		ADDED from src\main\AndroidManifest.xml:495:13-54
	android:name
		ADDED from src\main\AndroidManifest.xml:493:13-65
activity#com.heheys.ec.controller.activity.MyAllOrderActivity
ADDED from src\main\AndroidManifest.xml:498:9-502:20
	android:screenOrientation
		ADDED from src\main\AndroidManifest.xml:500:13-49
	android:windowSoftInputMode
		ADDED from src\main\AndroidManifest.xml:501:13-54
	android:name
		ADDED from src\main\AndroidManifest.xml:499:13-67
activity#com.heheys.ec.controller.activity.WithdrawRecordActivity
ADDED from src\main\AndroidManifest.xml:504:9-508:20
	android:screenOrientation
		ADDED from src\main\AndroidManifest.xml:506:13-49
	android:windowSoftInputMode
		ADDED from src\main\AndroidManifest.xml:507:13-54
	android:name
		ADDED from src\main\AndroidManifest.xml:505:13-71
activity#com.heheys.ec.controller.activity.MyOrderDetailActivity
ADDED from src\main\AndroidManifest.xml:510:9-514:20
	android:screenOrientation
		ADDED from src\main\AndroidManifest.xml:512:13-49
	android:windowSoftInputMode
		ADDED from src\main\AndroidManifest.xml:513:13-54
	android:name
		ADDED from src\main\AndroidManifest.xml:511:13-70
activity#com.heheys.ec.controller.activity.HomeShopActivity
ADDED from src\main\AndroidManifest.xml:516:9-520:20
	android:screenOrientation
		ADDED from src\main\AndroidManifest.xml:518:13-49
	android:windowSoftInputMode
		ADDED from src\main\AndroidManifest.xml:519:13-54
	android:name
		ADDED from src\main\AndroidManifest.xml:517:13-65
activity#com.heheys.ec.controller.activity.PaySuccessActivity
ADDED from src\main\AndroidManifest.xml:522:9-526:20
	android:screenOrientation
		ADDED from src\main\AndroidManifest.xml:524:13-49
	android:windowSoftInputMode
		ADDED from src\main\AndroidManifest.xml:525:13-54
	android:name
		ADDED from src\main\AndroidManifest.xml:523:13-67
activity#com.heheys.ec.controller.activity.ShopListDetailActivity
ADDED from src\main\AndroidManifest.xml:528:9-532:20
	android:screenOrientation
		ADDED from src\main\AndroidManifest.xml:530:13-49
	android:windowSoftInputMode
		ADDED from src\main\AndroidManifest.xml:531:13-65
	android:name
		ADDED from src\main\AndroidManifest.xml:529:13-71
activity#com.heheys.ec.controller.activity.BrowsPictureActivity
ADDED from src\main\AndroidManifest.xml:534:9-538:20
	android:screenOrientation
		ADDED from src\main\AndroidManifest.xml:536:13-49
	android:windowSoftInputMode
		ADDED from src\main\AndroidManifest.xml:537:13-54
	android:name
		ADDED from src\main\AndroidManifest.xml:535:13-69
activity#com.heheys.ec.controller.activity.CouponActivity
ADDED from src\main\AndroidManifest.xml:540:9-544:20
	android:screenOrientation
		ADDED from src\main\AndroidManifest.xml:542:13-49
	android:windowSoftInputMode
		ADDED from src\main\AndroidManifest.xml:543:13-54
	android:name
		ADDED from src\main\AndroidManifest.xml:541:13-63
activity#com.heheys.ec.controller.activity.CouponMessageActivity
ADDED from src\main\AndroidManifest.xml:546:9-550:20
	android:screenOrientation
		ADDED from src\main\AndroidManifest.xml:548:13-49
	android:windowSoftInputMode